2022-05-22_21-53-57 [main] INFO  o.s.b.t.c.SpringBootTestContextBootstrapper - Neither @ContextConfiguration nor @ContextHierarchy found for test class [com.portal.PensionManagementPortalApplicationTests], using SpringBootContextLoader
2022-05-22_21-53-57 [main] INFO  o.s.t.c.s.AbstractContextLoader - Could not detect default resource locations for test class [com.portal.PensionManagementPortalApplicationTests]: no resource found for suffixes {-context.xml, Context.groovy}.
2022-05-22_21-53-57 [main] INFO  o.s.t.c.s.AnnotationConfigContextLoaderUtils - Could not detect default configuration classes for test class [com.portal.PensionManagementPortalApplicationTests]: PensionManagementPortalApplicationTests does not declare any static, non-private, non-final, nested classes annotated with @Configuration.
2022-05-22_21-53-57 [main] INFO  o.s.b.t.c.SpringBootTestContextBootstrapper - Found @SpringBootConfiguration com.portal.PensionManagementPortalApplication for test class com.portal.PensionManagementPortalApplicationTests
2022-05-22_21-53-57 [main] INFO  o.s.b.t.c.SpringBootTestContextBootstrapper - Loaded default TestExecutionListener class names from location [META-INF/spring.factories]: [org.springframework.boot.test.mock.mockito.MockitoTestExecutionListener, org.springframework.boot.test.mock.mockito.ResetMocksTestExecutionListener, org.springframework.boot.test.autoconfigure.restdocs.RestDocsTestExecutionListener, org.springframework.boot.test.autoconfigure.web.client.MockRestServiceServerResetTestExecutionListener, org.springframework.boot.test.autoconfigure.web.servlet.MockMvcPrintOnlyOnFailureTestExecutionListener, org.springframework.boot.test.autoconfigure.web.servlet.WebDriverTestExecutionListener, org.springframework.boot.test.autoconfigure.webservices.client.MockWebServiceServerTestExecutionListener, org.springframework.test.context.web.ServletTestExecutionListener, org.springframework.test.context.support.DirtiesContextBeforeModesTestExecutionListener, org.springframework.test.context.event.ApplicationEventsTestExecutionListener, org.springframework.test.context.support.DependencyInjectionTestExecutionListener, org.springframework.test.context.support.DirtiesContextTestExecutionListener, org.springframework.test.context.transaction.TransactionalTestExecutionListener, org.springframework.test.context.jdbc.SqlScriptsTestExecutionListener, org.springframework.test.context.event.EventPublishingTestExecutionListener]
2022-05-22_21-53-57 [main] INFO  o.s.b.t.c.SpringBootTestContextBootstrapper - Using TestExecutionListeners: [org.springframework.test.context.web.ServletTestExecutionListener@6b5966e1, org.springframework.test.context.support.DirtiesContextBeforeModesTestExecutionListener@65e61854, org.springframework.test.context.event.ApplicationEventsTestExecutionListener@1568159, org.springframework.boot.test.mock.mockito.MockitoTestExecutionListener@4fcee388, org.springframework.boot.test.autoconfigure.SpringBootDependencyInjectionTestExecutionListener@6f80fafe, org.springframework.test.context.support.DirtiesContextTestExecutionListener@3af17be2, org.springframework.test.context.event.EventPublishingTestExecutionListener@f9879ac, org.springframework.boot.test.mock.mockito.ResetMocksTestExecutionListener@37f21974, org.springframework.boot.test.autoconfigure.restdocs.RestDocsTestExecutionListener@5f4d427e, org.springframework.boot.test.autoconfigure.web.client.MockRestServiceServerResetTestExecutionListener@6e521c1e, org.springframework.boot.test.autoconfigure.web.servlet.MockMvcPrintOnlyOnFailureTestExecutionListener@224b4d61, org.springframework.boot.test.autoconfigure.web.servlet.WebDriverTestExecutionListener@5d5d9e5, org.springframework.boot.test.autoconfigure.webservices.client.MockWebServiceServerTestExecutionListener@303e3593]
2022-05-22_21-54-02 [main] INFO  c.p.PensionManagementPortalApplicationTests - Starting PensionManagementPortalApplicationTests using Java 11.0.14.1 on DESKTOP-DAC986Q with PID 4740 (started by Elcot in E:\qa3\PMS-JAVA\PensionManagementPortal)
2022-05-22_21-54-02 [main] INFO  c.p.PensionManagementPortalApplicationTests - No active profile set, falling back to default profiles: default
2022-05-22_21-54-02 [main] INFO  o.s.cloud.context.scope.GenericScope - BeanFactory id=3275b1d6-0ad9-3009-855b-da0aced075c2
2022-05-22_21-54-02 [main] INFO  o.s.c.s.PostProcessorRegistrationDelegate$BeanPostProcessorChecker - Bean 'com.portal.feignclient.AuthorisingClient' of type [org.springframework.cloud.openfeign.FeignClientFactoryBean] is not eligible for getting processed by all BeanPostProcessors (for example: not eligible for auto-proxying)
2022-05-22_21-54-02 [main] INFO  o.s.c.s.PostProcessorRegistrationDelegate$BeanPostProcessorChecker - Bean 'com.portal.feignclient.PensionerDetailFeignClient' of type [org.springframework.cloud.openfeign.FeignClientFactoryBean] is not eligible for getting processed by all BeanPostProcessors (for example: not eligible for auto-proxying)
2022-05-22_21-54-02 [main] INFO  o.s.c.s.PostProcessorRegistrationDelegate$BeanPostProcessorChecker - Bean 'com.portal.feignclient.ProcessPensionFeignClient' of type [org.springframework.cloud.openfeign.FeignClientFactoryBean] is not eligible for getting processed by all BeanPostProcessors (for example: not eligible for auto-proxying)
2022-05-22_21-54-02 [main] INFO  o.s.b.a.e.web.EndpointLinksResolver - Exposing 2 endpoint(s) beneath base path '/actuator'
2022-05-22_21-54-02 [main] INFO  s.d.s.w.PropertySourcedRequestMappingHandlerMapping - Mapped URL path [/v2/api-docs] onto method [springfox.documentation.swagger2.web.Swagger2Controller#getDocumentation(String, HttpServletRequest)]
2022-05-22_21-54-02 [main] INFO  o.s.s.c.ThreadPoolTaskExecutor - Initializing ExecutorService 'applicationTaskExecutor'
2022-05-22_21-54-02 [main] INFO  o.s.cloud.commons.util.InetUtils - Cannot determine local hostname
2022-05-22_21-54-02 [main] INFO  s.d.s.w.p.DocumentationPluginsBootstrapper - Context refreshed
2022-05-22_21-54-02 [main] INFO  s.d.s.w.p.DocumentationPluginsBootstrapper - Found 1 custom documentation plugin(s)
2022-05-22_21-54-02 [main] INFO  s.d.s.w.s.ApiListingReferenceScanner - Scanning for api listing references
2022-05-22_21-54-02 [main] INFO  s.d.s.w.r.o.CachingOperationNameGenerator - Generating unique operation named: handleUsingGET_1
2022-05-22_21-54-02 [main] INFO  s.d.s.w.r.o.CachingOperationNameGenerator - Generating unique operation named: handleUsingGET_2
2022-05-22_21-54-02 [main] INFO  c.p.PensionManagementPortalApplicationTests - Started PensionManagementPortalApplicationTests in 35.986 seconds (JVM running for 43.561)
2022-05-22_21-54-02 [SpringContextShutdownHook] INFO  o.s.s.c.ThreadPoolTaskExecutor - Shutting down ExecutorService 'applicationTaskExecutor'
