2022-05-09_23-58-55 [restartedMain] INFO  o.s.s.c.ThreadPoolTaskExecutor - Initializing ExecutorService 'applicationTaskExecutor'
2022-05-09_23-58-55 [restartedMain] INFO  o.s.b.a.e.web.EndpointLinksResolver - Exposing 2 endpoint(s) beneath base path '/actuator'
2022-05-09_23-58-55 [restartedMain] INFO  o.a.coyote.http11.Http11NioProtocol - Starting ProtocolHandler ["http-nio-8500"]
2022-05-09_23-58-55 [restartedMain] INFO  o.s.b.w.e.tomcat.TomcatWebServer - Tomcat started on port(s): 8500 (http) with context path ''
2022-05-09_23-58-55 [restartedMain] INFO  c.c.p.PensionManagementPortalApplication - Started PensionManagementPortalApplication in 85.867 seconds (JVM running for 114.752)
2022-05-10_00-01-13 [restartedMain] INFO  c.c.p.PensionManagementPortalApplication - Starting PensionManagementPortalApplication using Java 18 on DESKTOP-DAC986Q with PID 1672 (C:\Users\Elcot\Downloads\Pension-Management-System\PensionManagementPortal\target\classes started by Elcot in C:\Users\Elcot\Downloads\Pension-Management-System\PensionManagementPortal)
2022-05-10_00-01-13 [restartedMain] INFO  c.c.p.PensionManagementPortalApplication - No active profile set, falling back to default profiles: default
2022-05-10_00-01-13 [restartedMain] INFO  o.s.b.d.e.DevToolsPropertyDefaultsPostProcessor - Devtools property defaults active! Set 'spring.devtools.add-properties' to 'false' to disable
2022-05-10_00-01-13 [restartedMain] INFO  o.s.b.d.e.DevToolsPropertyDefaultsPostProcessor - For additional web related logging consider setting the 'logging.level.web' property to 'DEBUG'
2022-05-10_00-01-13 [restartedMain] INFO  o.s.cloud.context.scope.GenericScope - BeanFactory id=e6c86c82-01c1-3fb2-b4e5-d88eabd0b1c0
2022-05-10_00-01-13 [restartedMain] INFO  o.s.c.s.PostProcessorRegistrationDelegate$BeanPostProcessorChecker - Bean 'com.cts.portal.feignclient.AuthorisingClient' of type [org.springframework.cloud.openfeign.FeignClientFactoryBean] is not eligible for getting processed by all BeanPostProcessors (for example: not eligible for auto-proxying)
2022-05-10_00-01-13 [restartedMain] INFO  o.s.c.s.PostProcessorRegistrationDelegate$BeanPostProcessorChecker - Bean 'com.cts.portal.feignclient.PensionerDetailFeignClient' of type [org.springframework.cloud.openfeign.FeignClientFactoryBean] is not eligible for getting processed by all BeanPostProcessors (for example: not eligible for auto-proxying)
2022-05-10_00-01-13 [restartedMain] INFO  o.s.c.s.PostProcessorRegistrationDelegate$BeanPostProcessorChecker - Bean 'com.cts.portal.feignclient.ProcessPensionFeignClient' of type [org.springframework.cloud.openfeign.FeignClientFactoryBean] is not eligible for getting processed by all BeanPostProcessors (for example: not eligible for auto-proxying)
2022-05-10_00-01-13 [restartedMain] INFO  o.s.b.w.e.tomcat.TomcatWebServer - Tomcat initialized with port(s): 8500 (http)
2022-05-10_00-01-13 [restartedMain] INFO  o.a.coyote.http11.Http11NioProtocol - Initializing ProtocolHandler ["http-nio-8500"]
2022-05-10_00-01-13 [restartedMain] INFO  o.a.catalina.core.StandardService - Starting service [Tomcat]
2022-05-10_00-01-13 [restartedMain] INFO  o.a.catalina.core.StandardEngine - Starting Servlet engine: [Apache Tomcat/9.0.41]
2022-05-10_00-01-13 [restartedMain] INFO  org.apache.jasper.servlet.TldScanner - At least one JAR was scanned for TLDs yet contained no TLDs. Enable debug logging for this logger for a complete list of JARs that were scanned but no TLDs were found in them. Skipping unneeded JARs during scanning can improve startup time and JSP compilation time.
2022-05-10_00-01-13 [restartedMain] INFO  o.a.c.c.C.[Tomcat].[localhost].[/] - Initializing Spring embedded WebApplicationContext
2022-05-10_00-01-13 [restartedMain] INFO  o.s.b.w.s.c.ServletWebServerApplicationContext - Root WebApplicationContext: initialization completed in 42213 ms
2022-05-10_00-01-13 [restartedMain] INFO  o.s.s.c.ThreadPoolTaskExecutor - Initializing ExecutorService 'applicationTaskExecutor'
2022-05-10_00-01-13 [restartedMain] INFO  o.s.b.a.e.web.EndpointLinksResolver - Exposing 2 endpoint(s) beneath base path '/actuator'
2022-05-10_00-01-13 [restartedMain] INFO  o.a.coyote.http11.Http11NioProtocol - Starting ProtocolHandler ["http-nio-8500"]
2022-05-10_00-01-13 [restartedMain] INFO  o.s.s.c.ThreadPoolTaskExecutor - Shutting down ExecutorService 'applicationTaskExecutor'
2022-05-10_00-01-13 [restartedMain] INFO  o.a.coyote.http11.Http11NioProtocol - Pausing ProtocolHandler ["http-nio-8500"]
2022-05-10_00-01-13 [restartedMain] INFO  o.a.catalina.core.StandardService - Stopping service [Tomcat]
2022-05-10_00-01-13 [restartedMain] INFO  o.a.coyote.http11.Http11NioProtocol - Stopping ProtocolHandler ["http-nio-8500"]
2022-05-10_00-01-13 [restartedMain] INFO  o.a.coyote.http11.Http11NioProtocol - Destroying ProtocolHandler ["http-nio-8500"]
2022-05-10_00-01-13 [restartedMain] INFO  o.s.b.a.l.ConditionEvaluationReportLoggingListener - 

Error starting ApplicationContext. To display the conditions report re-run your application with 'debug' enabled.
2022-05-10_20-54-54 [restartedMain] INFO  c.c.p.PensionManagementPortalApplication - Starting PensionManagementPortalApplication using Java 18 on DESKTOP-DAC986Q with PID 6788 (C:\Users\Elcot\Downloads\Pension-Management-System\PensionManagementPortal\target\classes started by Elcot in C:\Users\Elcot\Downloads\Pension-Management-System\PensionManagementPortal)
2022-05-10_20-54-54 [restartedMain] INFO  c.c.p.PensionManagementPortalApplication - No active profile set, falling back to default profiles: default
2022-05-10_20-54-54 [restartedMain] INFO  o.s.b.d.e.DevToolsPropertyDefaultsPostProcessor - Devtools property defaults active! Set 'spring.devtools.add-properties' to 'false' to disable
2022-05-10_20-54-54 [restartedMain] INFO  o.s.b.d.e.DevToolsPropertyDefaultsPostProcessor - For additional web related logging consider setting the 'logging.level.web' property to 'DEBUG'
2022-05-10_20-54-54 [restartedMain] INFO  o.s.cloud.context.scope.GenericScope - BeanFactory id=e6c86c82-01c1-3fb2-b4e5-d88eabd0b1c0
2022-05-10_20-54-54 [restartedMain] INFO  o.s.c.s.PostProcessorRegistrationDelegate$BeanPostProcessorChecker - Bean 'com.cts.portal.feignclient.AuthorisingClient' of type [org.springframework.cloud.openfeign.FeignClientFactoryBean] is not eligible for getting processed by all BeanPostProcessors (for example: not eligible for auto-proxying)
2022-05-10_20-54-54 [restartedMain] INFO  o.s.c.s.PostProcessorRegistrationDelegate$BeanPostProcessorChecker - Bean 'com.cts.portal.feignclient.PensionerDetailFeignClient' of type [org.springframework.cloud.openfeign.FeignClientFactoryBean] is not eligible for getting processed by all BeanPostProcessors (for example: not eligible for auto-proxying)
2022-05-10_20-54-54 [restartedMain] INFO  o.s.c.s.PostProcessorRegistrationDelegate$BeanPostProcessorChecker - Bean 'com.cts.portal.feignclient.ProcessPensionFeignClient' of type [org.springframework.cloud.openfeign.FeignClientFactoryBean] is not eligible for getting processed by all BeanPostProcessors (for example: not eligible for auto-proxying)
2022-05-10_20-54-54 [restartedMain] INFO  o.s.b.w.e.tomcat.TomcatWebServer - Tomcat initialized with port(s): 8500 (http)
2022-05-10_20-54-54 [restartedMain] INFO  o.a.coyote.http11.Http11NioProtocol - Initializing ProtocolHandler ["http-nio-8500"]
2022-05-10_20-54-54 [restartedMain] INFO  o.a.catalina.core.StandardService - Starting service [Tomcat]
2022-05-10_20-54-54 [restartedMain] INFO  o.a.catalina.core.StandardEngine - Starting Servlet engine: [Apache Tomcat/9.0.41]
2022-05-10_20-54-54 [restartedMain] INFO  org.apache.jasper.servlet.TldScanner - At least one JAR was scanned for TLDs yet contained no TLDs. Enable debug logging for this logger for a complete list of JARs that were scanned but no TLDs were found in them. Skipping unneeded JARs during scanning can improve startup time and JSP compilation time.
2022-05-10_20-54-54 [restartedMain] INFO  o.a.c.c.C.[Tomcat].[localhost].[/] - Initializing Spring embedded WebApplicationContext
2022-05-10_20-54-54 [restartedMain] INFO  o.s.b.w.s.c.ServletWebServerApplicationContext - Root WebApplicationContext: initialization completed in 58412 ms
2022-05-10_20-54-54 [restartedMain] INFO  o.s.s.c.ThreadPoolTaskExecutor - Initializing ExecutorService 'applicationTaskExecutor'
2022-05-10_20-54-54 [restartedMain] INFO  o.s.b.a.e.web.EndpointLinksResolver - Exposing 2 endpoint(s) beneath base path '/actuator'
2022-05-10_20-54-54 [restartedMain] INFO  o.a.coyote.http11.Http11NioProtocol - Starting ProtocolHandler ["http-nio-8500"]
2022-05-10_20-54-54 [restartedMain] INFO  o.s.b.w.e.tomcat.TomcatWebServer - Tomcat started on port(s): 8500 (http) with context path ''
2022-05-10_20-54-54 [restartedMain] INFO  c.c.p.PensionManagementPortalApplication - Started PensionManagementPortalApplication in 81.987 seconds (JVM running for 98.889)
2022-05-10_21-21-11 [restartedMain] INFO  c.c.p.PensionManagementPortalApplication - Starting PensionManagementPortalApplication using Java 18 on DESKTOP-DAC986Q with PID 2756 (C:\Users\Elcot\Downloads\Pension-Management-System\PensionManagementPortal\target\classes started by Elcot in C:\Users\Elcot\Downloads\Pension-Management-System\PensionManagementPortal)
2022-05-10_21-21-11 [restartedMain] INFO  c.c.p.PensionManagementPortalApplication - No active profile set, falling back to default profiles: default
2022-05-10_21-21-11 [restartedMain] INFO  o.s.b.d.e.DevToolsPropertyDefaultsPostProcessor - Devtools property defaults active! Set 'spring.devtools.add-properties' to 'false' to disable
2022-05-10_21-21-11 [restartedMain] INFO  o.s.b.d.e.DevToolsPropertyDefaultsPostProcessor - For additional web related logging consider setting the 'logging.level.web' property to 'DEBUG'
2022-05-10_21-21-11 [restartedMain] INFO  o.s.cloud.context.scope.GenericScope - BeanFactory id=e6c86c82-01c1-3fb2-b4e5-d88eabd0b1c0
2022-05-10_21-21-11 [restartedMain] INFO  o.s.c.s.PostProcessorRegistrationDelegate$BeanPostProcessorChecker - Bean 'com.cts.portal.feignclient.AuthorisingClient' of type [org.springframework.cloud.openfeign.FeignClientFactoryBean] is not eligible for getting processed by all BeanPostProcessors (for example: not eligible for auto-proxying)
2022-05-10_21-21-11 [restartedMain] INFO  o.s.c.s.PostProcessorRegistrationDelegate$BeanPostProcessorChecker - Bean 'com.cts.portal.feignclient.PensionerDetailFeignClient' of type [org.springframework.cloud.openfeign.FeignClientFactoryBean] is not eligible for getting processed by all BeanPostProcessors (for example: not eligible for auto-proxying)
2022-05-10_21-21-11 [restartedMain] INFO  o.s.c.s.PostProcessorRegistrationDelegate$BeanPostProcessorChecker - Bean 'com.cts.portal.feignclient.ProcessPensionFeignClient' of type [org.springframework.cloud.openfeign.FeignClientFactoryBean] is not eligible for getting processed by all BeanPostProcessors (for example: not eligible for auto-proxying)
2022-05-10_21-21-11 [restartedMain] INFO  o.s.b.w.e.tomcat.TomcatWebServer - Tomcat initialized with port(s): 8500 (http)
2022-05-10_21-21-11 [restartedMain] INFO  o.a.coyote.http11.Http11NioProtocol - Initializing ProtocolHandler ["http-nio-8500"]
2022-05-10_21-21-11 [restartedMain] INFO  o.a.catalina.core.StandardService - Starting service [Tomcat]
2022-05-10_21-21-11 [restartedMain] INFO  o.a.catalina.core.StandardEngine - Starting Servlet engine: [Apache Tomcat/9.0.41]
2022-05-10_21-21-11 [restartedMain] INFO  org.apache.jasper.servlet.TldScanner - At least one JAR was scanned for TLDs yet contained no TLDs. Enable debug logging for this logger for a complete list of JARs that were scanned but no TLDs were found in them. Skipping unneeded JARs during scanning can improve startup time and JSP compilation time.
2022-05-10_21-21-11 [restartedMain] INFO  o.a.c.c.C.[Tomcat].[localhost].[/] - Initializing Spring embedded WebApplicationContext
2022-05-10_21-21-11 [restartedMain] INFO  o.s.b.w.s.c.ServletWebServerApplicationContext - Root WebApplicationContext: initialization completed in 12041 ms
2022-05-10_21-21-11 [restartedMain] INFO  o.s.b.d.a.OptionalLiveReloadServer - LiveReload server is running on port 35729
2022-05-10_21-21-11 [restartedMain] INFO  o.s.s.c.ThreadPoolTaskExecutor - Initializing ExecutorService 'applicationTaskExecutor'
2022-05-10_21-21-11 [restartedMain] INFO  o.s.b.a.e.web.EndpointLinksResolver - Exposing 2 endpoint(s) beneath base path '/actuator'
2022-05-10_21-21-11 [restartedMain] INFO  o.a.coyote.http11.Http11NioProtocol - Starting ProtocolHandler ["http-nio-8500"]
2022-05-10_21-21-11 [restartedMain] INFO  o.s.b.w.e.tomcat.TomcatWebServer - Tomcat started on port(s): 8500 (http) with context path ''
2022-05-10_21-21-11 [restartedMain] INFO  c.c.p.PensionManagementPortalApplication - Started PensionManagementPortalApplication in 45.373 seconds (JVM running for 53.691)
2022-05-10_21-33-28 [restartedMain] INFO  c.c.p.PensionManagementPortalApplication - Starting PensionManagementPortalApplication using Java 18 on DESKTOP-DAC986Q with PID 7944 (C:\Users\Elcot\Downloads\Pension-Management-System\PensionManagementPortal\target\classes started by Elcot in C:\Users\Elcot\Downloads\Pension-Management-System\PensionManagementPortal)
2022-05-10_21-33-28 [restartedMain] INFO  c.c.p.PensionManagementPortalApplication - No active profile set, falling back to default profiles: default
2022-05-10_21-33-28 [restartedMain] INFO  o.s.b.d.e.DevToolsPropertyDefaultsPostProcessor - Devtools property defaults active! Set 'spring.devtools.add-properties' to 'false' to disable
2022-05-10_21-33-28 [restartedMain] INFO  o.s.b.d.e.DevToolsPropertyDefaultsPostProcessor - For additional web related logging consider setting the 'logging.level.web' property to 'DEBUG'
2022-05-10_21-33-28 [restartedMain] INFO  o.s.cloud.context.scope.GenericScope - BeanFactory id=e6c86c82-01c1-3fb2-b4e5-d88eabd0b1c0
2022-05-10_21-33-28 [restartedMain] INFO  o.s.c.s.PostProcessorRegistrationDelegate$BeanPostProcessorChecker - Bean 'com.cts.portal.feignclient.AuthorisingClient' of type [org.springframework.cloud.openfeign.FeignClientFactoryBean] is not eligible for getting processed by all BeanPostProcessors (for example: not eligible for auto-proxying)
2022-05-10_21-33-28 [restartedMain] INFO  o.s.c.s.PostProcessorRegistrationDelegate$BeanPostProcessorChecker - Bean 'com.cts.portal.feignclient.PensionerDetailFeignClient' of type [org.springframework.cloud.openfeign.FeignClientFactoryBean] is not eligible for getting processed by all BeanPostProcessors (for example: not eligible for auto-proxying)
2022-05-10_21-33-28 [restartedMain] INFO  o.s.c.s.PostProcessorRegistrationDelegate$BeanPostProcessorChecker - Bean 'com.cts.portal.feignclient.ProcessPensionFeignClient' of type [org.springframework.cloud.openfeign.FeignClientFactoryBean] is not eligible for getting processed by all BeanPostProcessors (for example: not eligible for auto-proxying)
2022-05-10_21-33-28 [restartedMain] INFO  o.s.b.w.e.tomcat.TomcatWebServer - Tomcat initialized with port(s): 8500 (http)
2022-05-10_21-33-28 [restartedMain] INFO  o.a.coyote.http11.Http11NioProtocol - Initializing ProtocolHandler ["http-nio-8500"]
2022-05-10_21-33-28 [restartedMain] INFO  o.a.catalina.core.StandardService - Starting service [Tomcat]
2022-05-10_21-33-28 [restartedMain] INFO  o.a.catalina.core.StandardEngine - Starting Servlet engine: [Apache Tomcat/9.0.41]
2022-05-10_21-33-28 [restartedMain] INFO  org.apache.jasper.servlet.TldScanner - At least one JAR was scanned for TLDs yet contained no TLDs. Enable debug logging for this logger for a complete list of JARs that were scanned but no TLDs were found in them. Skipping unneeded JARs during scanning can improve startup time and JSP compilation time.
2022-05-10_21-33-28 [restartedMain] INFO  o.a.c.c.C.[Tomcat].[localhost].[/] - Initializing Spring embedded WebApplicationContext
2022-05-10_21-33-28 [restartedMain] INFO  o.s.b.w.s.c.ServletWebServerApplicationContext - Root WebApplicationContext: initialization completed in 60376 ms
2022-05-10_21-33-28 [restartedMain] INFO  o.s.s.c.ThreadPoolTaskExecutor - Initializing ExecutorService 'applicationTaskExecutor'
2022-05-10_21-33-28 [restartedMain] INFO  o.s.b.a.e.web.EndpointLinksResolver - Exposing 2 endpoint(s) beneath base path '/actuator'
2022-05-10_21-33-28 [restartedMain] INFO  o.a.coyote.http11.Http11NioProtocol - Starting ProtocolHandler ["http-nio-8500"]
2022-05-10_21-33-28 [restartedMain] INFO  o.s.b.w.e.tomcat.TomcatWebServer - Tomcat started on port(s): 8500 (http) with context path ''
2022-05-10_21-33-28 [restartedMain] INFO  c.c.p.PensionManagementPortalApplication - Started PensionManagementPortalApplication in 87.881 seconds (JVM running for 104.798)
2022-05-10_23-14-11 [restartedMain] INFO  c.c.p.PensionManagementPortalApplication - Starting PensionManagementPortalApplication using Java 18 on DESKTOP-DAC986Q with PID 1452 (C:\Users\Elcot\Downloads\Pension-Management-System\PensionManagementPortal\target\classes started by Elcot in C:\Users\Elcot\Downloads\Pension-Management-System\PensionManagementPortal)
2022-05-10_23-14-11 [restartedMain] INFO  c.c.p.PensionManagementPortalApplication - No active profile set, falling back to default profiles: default
2022-05-10_23-14-11 [restartedMain] INFO  o.s.b.d.e.DevToolsPropertyDefaultsPostProcessor - Devtools property defaults active! Set 'spring.devtools.add-properties' to 'false' to disable
2022-05-10_23-14-11 [restartedMain] INFO  o.s.b.d.e.DevToolsPropertyDefaultsPostProcessor - For additional web related logging consider setting the 'logging.level.web' property to 'DEBUG'
2022-05-10_23-14-11 [restartedMain] INFO  o.s.cloud.context.scope.GenericScope - BeanFactory id=eccb6e42-bb49-372d-87b7-c43031d0bbc3
2022-05-10_23-14-11 [restartedMain] INFO  o.s.c.s.PostProcessorRegistrationDelegate$BeanPostProcessorChecker - Bean 'com.cts.portal.feignclient.AuthorisingClient' of type [org.springframework.cloud.openfeign.FeignClientFactoryBean] is not eligible for getting processed by all BeanPostProcessors (for example: not eligible for auto-proxying)
2022-05-10_23-14-11 [restartedMain] INFO  o.s.c.s.PostProcessorRegistrationDelegate$BeanPostProcessorChecker - Bean 'com.cts.portal.feignclient.PensionerDetailFeignClient' of type [org.springframework.cloud.openfeign.FeignClientFactoryBean] is not eligible for getting processed by all BeanPostProcessors (for example: not eligible for auto-proxying)
2022-05-10_23-14-11 [restartedMain] INFO  o.s.c.s.PostProcessorRegistrationDelegate$BeanPostProcessorChecker - Bean 'com.cts.portal.feignclient.ProcessPensionFeignClient' of type [org.springframework.cloud.openfeign.FeignClientFactoryBean] is not eligible for getting processed by all BeanPostProcessors (for example: not eligible for auto-proxying)
2022-05-10_23-14-11 [restartedMain] INFO  o.s.b.w.e.tomcat.TomcatWebServer - Tomcat initialized with port(s): 8500 (http)
2022-05-10_23-14-11 [restartedMain] INFO  o.a.coyote.http11.Http11NioProtocol - Initializing ProtocolHandler ["http-nio-8500"]
2022-05-10_23-14-11 [restartedMain] INFO  o.a.catalina.core.StandardService - Starting service [Tomcat]
2022-05-10_23-14-11 [restartedMain] INFO  o.a.catalina.core.StandardEngine - Starting Servlet engine: [Apache Tomcat/9.0.41]
2022-05-10_23-14-11 [restartedMain] INFO  org.apache.jasper.servlet.TldScanner - At least one JAR was scanned for TLDs yet contained no TLDs. Enable debug logging for this logger for a complete list of JARs that were scanned but no TLDs were found in them. Skipping unneeded JARs during scanning can improve startup time and JSP compilation time.
2022-05-10_23-14-11 [restartedMain] INFO  o.a.c.c.C.[Tomcat].[localhost].[/] - Initializing Spring embedded WebApplicationContext
2022-05-10_23-14-11 [restartedMain] INFO  o.s.b.w.s.c.ServletWebServerApplicationContext - Root WebApplicationContext: initialization completed in 12077 ms
2022-05-10_23-14-11 [restartedMain] INFO  o.s.b.d.a.OptionalLiveReloadServer - LiveReload server is running on port 35729
2022-05-10_23-14-11 [restartedMain] INFO  o.s.b.a.e.web.EndpointLinksResolver - Exposing 2 endpoint(s) beneath base path '/actuator'
2022-05-10_23-14-11 [restartedMain] INFO  s.d.s.w.PropertySourcedRequestMappingHandlerMapping - Mapped URL path [/v2/api-docs] onto method [springfox.documentation.swagger2.web.Swagger2Controller#getDocumentation(String, HttpServletRequest)]
2022-05-10_23-14-11 [restartedMain] INFO  o.s.s.c.ThreadPoolTaskExecutor - Initializing ExecutorService 'applicationTaskExecutor'
2022-05-10_23-14-11 [restartedMain] INFO  o.a.coyote.http11.Http11NioProtocol - Starting ProtocolHandler ["http-nio-8500"]
2022-05-10_23-14-11 [restartedMain] INFO  o.s.b.w.e.tomcat.TomcatWebServer - Tomcat started on port(s): 8500 (http) with context path ''
2022-05-10_23-14-11 [restartedMain] INFO  s.d.s.w.p.DocumentationPluginsBootstrapper - Context refreshed
2022-05-10_23-14-11 [restartedMain] INFO  s.d.s.w.p.DocumentationPluginsBootstrapper - Found 1 custom documentation plugin(s)
2022-05-10_23-14-11 [restartedMain] INFO  s.d.s.w.s.ApiListingReferenceScanner - Scanning for api listing references
2022-05-10_23-14-11 [restartedMain] INFO  s.d.s.w.r.o.CachingOperationNameGenerator - Generating unique operation named: handleUsingGET_1
2022-05-10_23-14-11 [restartedMain] INFO  s.d.s.w.r.o.CachingOperationNameGenerator - Generating unique operation named: handleUsingGET_2
2022-05-10_23-14-11 [restartedMain] INFO  c.c.p.PensionManagementPortalApplication - Started PensionManagementPortalApplication in 27.634 seconds (JVM running for 30.684)
2022-05-10_23-14-11 [http-nio-8500-exec-1] INFO  o.a.c.c.C.[Tomcat].[localhost].[/] - Initializing Spring DispatcherServlet 'dispatcherServlet'
2022-05-10_23-14-11 [http-nio-8500-exec-1] INFO  o.s.web.servlet.DispatcherServlet - Initializing Servlet 'dispatcherServlet'
2022-05-10_23-14-11 [http-nio-8500-exec-1] INFO  o.s.web.servlet.DispatcherServlet - Completed initialization in 4 ms
